
 ⛅️ wrangler 3.114.17 (update available 4.77.0)
-----------------------------------------------

[33m▲ [43;33m[[43;30mWARNING[43;33m][0m [1mThe version of Wrangler you are using is now out-of-date.[0m

  Please update to the latest version to prevent critical errors.
  Run `npm install --save-dev wrangler@4` to update to the latest version.
  After installation, run Wrangler with `npx wrangler`.


Your Worker and resources are simulated locally via Miniflare. For more information, see: https://developers.cloudflare.com/workers/testing/local-development.

Your worker has access to the following bindings:
- R2 Buckets:
  - BUCKET: bundle-sharing [simulated locally]
⎔ Starting local server...
[wrangler:inf] Ready on http://localhost:8787
⎔ Reloading local server...
wrangler.toml changed...
Your worker has access to the following bindings:
- R2 Buckets:
  - BUCKET: bundle-sharing [simulated locally]
- Vars:
  - DEFAULT_EXPIRY: 604800000
  - MAX_BUNDLE_SIZE: 102400
⎔ Reloading local server...
⎔ Reloading local server...
[wrangler:inf] OPTIONS /create 204 No Content (17ms)
[wrangler:inf] POST /create 200 OK (24ms)
[wrangler:inf] OPTIONS /create 204 No Content (5ms)
[wrangler:inf] POST /create 200 OK (10ms)
[wrangler:inf] GET /VKunoynUaN 200 OK (16ms)
[wrangler:inf] GET /VKunoynUaN 200 OK (11ms)
